<?xml version="1.0" encoding="UTF-8" ?>
<testsuite tests="16" failures="0" name="com.jov.bdd.RunCukeTestsIT" time="138.423" errors="0" skipped="0">
  <properties>
[...]
</properties>
  <testcase classname="| Algebra and Logic |" name="Given I am on the springer link home page" time="0.001"/>
  <testcase classname="| Algebra and Logic |" name="When I search for the item &quot;Algebra and Logic&quot;" time="0"/>
  <testcase classname="| Algebra and Logic |" name="Then the first result returned within the results is &quot;Algebra and Logic&quot;" time="0"/>
  <testcase classname="| Algebra and Logic |" name="| Algebra and Logic |" time="0.002"/>
  <testcase classname="| Medicinal Chemistry Research |" name="Given I am on the springer link home page" time="0"/>
  <testcase classname="| Medicinal Chemistry Research |" name="When I search for the item &quot;Medicinal Chemistry Research&quot;" time="0"/>
  <testcase classname="| Medicinal Chemistry Research |" name="Then the first result returned within the results is &quot;Medicinal Chemistry Research&quot;" time="0"/>
  <testcase classname="| Medicinal Chemistry Research |" name="| Medicinal Chemistry Research |" time="0.002"/>
  <testcase classname="| bookonspringerthatdoesnotexist |" name="Given I am on the springer link home page" time="0"/>
  <testcase classname="| bookonspringerthatdoesnotexist |" name="When I search for the item &quot;bookonspringerthatdoesnotexist&quot;" time="0.001"/>
  <testcase classname="| bookonspringerthatdoesnotexist |" name="Then the no items found page is displayed" time="0"/>
  <testcase classname="| bookonspringerthatdoesnotexist |" name="| bookonspringerthatdoesnotexist |" time="0.002"/>
  <testcase classname="| DSFDFGHHHH |" name="Given I am on the springer link home page" time="0"/>
  <testcase classname="| DSFDFGHHHH |" name="When I search for the item &quot;DSFDFGHHHH&quot;" time="0"/>
  <testcase classname="| DSFDFGHHHH |" name="Then the no items found page is displayed" time="0"/>
  <testcase classname="| DSFDFGHHHH |" name="| DSFDFGHHHH |" time="0.001"/>
</testsuite>